08-05 08:06:29.032: D/BluetoothLeService(7357): Trying to use an existing mBluetoothGatt for connection.
08-05 08:06:32.306: D/BluetoothGatt(7357): onClientConnectionState() - status=0 clientIf=4 device=BC:6A:29:AB:EC:8F
08-05 08:06:32.326: I/BluetoothLeService(7357): Connected to GATT server.
08-05 08:06:32.326: D/BluetoothGatt(7357): discoverServices() - device: BC:6A:29:AB:EC:8F
08-05 08:06:32.336: I/BluetoothLeService(7357): Attempting to start service discovery:true
08-05 08:06:32.346: D/BluetoothGatt(7357): onGetService() - Device=BC:6A:29:AB:EC:8F UUID=00001800-0000-1000-8000-00805f9b34fb
08-05 08:06:32.356: D/BluetoothGatt(7357): onGetService() - Device=BC:6A:29:AB:EC:8F UUID=00001801-0000-1000-8000-00805f9b34fb
08-05 08:06:32.366: D/BluetoothGatt(7357): onGetService() - Device=BC:6A:29:AB:EC:8F UUID=0000180a-0000-1000-8000-00805f9b34fb
08-05 08:06:32.376: D/BluetoothGatt(7357): onGetService() - Device=BC:6A:29:AB:EC:8F UUID=f000aa00-0451-4000-b000-000000000000
08-05 08:06:32.376: D/BluetoothGatt(7357): onGetService() - Device=BC:6A:29:AB:EC:8F UUID=f000aa10-0451-4000-b000-000000000000
08-05 08:06:32.376: D/BluetoothGatt(7357): onGetService() - Device=BC:6A:29:AB:EC:8F UUID=f000aa20-0451-4000-b000-000000000000
08-05 08:06:32.376: D/BluetoothGatt(7357): onGetService() - Device=BC:6A:29:AB:EC:8F UUID=f000aa30-0451-4000-b000-000000000000
08-05 08:06:32.386: D/BluetoothGatt(7357): onGetService() - Device=BC:6A:29:AB:EC:8F UUID=f000aa40-0451-4000-b000-000000000000
08-05 08:06:32.386: D/BluetoothGatt(7357): onGetService() - Device=BC:6A:29:AB:EC:8F UUID=f000aa50-0451-4000-b000-000000000000
08-05 08:06:32.386: D/BluetoothGatt(7357): onGetService() - Device=BC:6A:29:AB:EC:8F UUID=0000ffe0-0000-1000-8000-00805f9b34fb
08-05 08:06:32.396: D/BluetoothGatt(7357): onGetService() - Device=BC:6A:29:AB:EC:8F UUID=f000aa60-0451-4000-b000-000000000000
08-05 08:06:32.396: D/BluetoothGatt(7357): onGetService() - Device=BC:6A:29:AB:EC:8F UUID=f000ffc0-0451-4000-b000-000000000000
08-05 08:06:32.396: D/BluetoothGatt(7357): onGetCharacteristic() - Device=BC:6A:29:AB:EC:8F UUID=00002a00-0000-1000-8000-00805f9b34fb
08-05 08:06:32.406: D/BluetoothGatt(7357): onGetCharacteristic() - Device=BC:6A:29:AB:EC:8F UUID=00002a01-0000-1000-8000-00805f9b34fb
08-05 08:06:32.406: D/BluetoothGatt(7357): onGetCharacteristic() - Device=BC:6A:29:AB:EC:8F UUID=00002a02-0000-1000-8000-00805f9b34fb
08-05 08:06:32.416: D/BluetoothGatt(7357): onGetCharacteristic() - Device=BC:6A:29:AB:EC:8F UUID=00002a03-0000-1000-8000-00805f9b34fb
08-05 08:06:32.416: D/BluetoothGatt(7357): onGetCharacteristic() - Device=BC:6A:29:AB:EC:8F UUID=00002a04-0000-1000-8000-00805f9b34fb
08-05 08:06:32.426: D/BluetoothGatt(7357): onGetCharacteristic() - Device=BC:6A:29:AB:EC:8F UUID=00002a05-0000-1000-8000-00805f9b34fb
08-05 08:06:32.426: D/BluetoothGatt(7357): onGetCharacteristic() - Device=BC:6A:29:AB:EC:8F UUID=00002a23-0000-1000-8000-00805f9b34fb
08-05 08:06:32.426: D/BluetoothGatt(7357): onGetCharacteristic() - Device=BC:6A:29:AB:EC:8F UUID=00002a24-0000-1000-8000-00805f9b34fb
08-05 08:06:32.446: D/BluetoothGatt(7357): onGetCharacteristic() - Device=BC:6A:29:AB:EC:8F UUID=00002a25-0000-1000-8000-00805f9b34fb
08-05 08:06:32.456: D/BluetoothGatt(7357): onGetCharacteristic() - Device=BC:6A:29:AB:EC:8F UUID=00002a26-0000-1000-8000-00805f9b34fb
08-05 08:06:32.476: D/BluetoothGatt(7357): onGetCharacteristic() - Device=BC:6A:29:AB:EC:8F UUID=00002a27-0000-1000-8000-00805f9b34fb
08-05 08:06:32.506: D/BluetoothGatt(7357): onGetCharacteristic() - Device=BC:6A:29:AB:EC:8F UUID=00002a28-0000-1000-8000-00805f9b34fb
08-05 08:06:32.526: D/BluetoothGatt(7357): onGetCharacteristic() - Device=BC:6A:29:AB:EC:8F UUID=00002a29-0000-1000-8000-00805f9b34fb
08-05 08:06:32.536: D/BluetoothGatt(7357): onGetCharacteristic() - Device=BC:6A:29:AB:EC:8F UUID=00002a2a-0000-1000-8000-00805f9b34fb
08-05 08:06:32.546: D/BluetoothGatt(7357): onGetCharacteristic() - Device=BC:6A:29:AB:EC:8F UUID=00002a50-0000-1000-8000-00805f9b34fb
08-05 08:06:32.556: D/BluetoothGatt(7357): onGetCharacteristic() - Device=BC:6A:29:AB:EC:8F UUID=f000aa01-0451-4000-b000-000000000000
08-05 08:06:32.566: D/BluetoothGatt(7357): onGetCharacteristic() - Device=BC:6A:29:AB:EC:8F UUID=f000aa02-0451-4000-b000-000000000000
08-05 08:06:32.576: D/BluetoothGatt(7357): onGetCharacteristic() - Device=BC:6A:29:AB:EC:8F UUID=f000aa11-0451-4000-b000-000000000000
08-05 08:06:32.596: D/BluetoothGatt(7357): onGetCharacteristic() - Device=BC:6A:29:AB:EC:8F UUID=f000aa12-0451-4000-b000-000000000000
08-05 08:06:32.606: D/BluetoothGatt(7357): onGetCharacteristic() - Device=BC:6A:29:AB:EC:8F UUID=f000aa13-0451-4000-b000-000000000000
08-05 08:06:32.626: D/BluetoothGatt(7357): onGetCharacteristic() - Device=BC:6A:29:AB:EC:8F UUID=f000aa21-0451-4000-b000-000000000000
08-05 08:06:32.636: D/BluetoothGatt(7357): onGetCharacteristic() - Device=BC:6A:29:AB:EC:8F UUID=f000aa22-0451-4000-b000-000000000000
08-05 08:06:32.646: D/BluetoothGatt(7357): onGetCharacteristic() - Device=BC:6A:29:AB:EC:8F UUID=f000aa31-0451-4000-b000-000000000000
08-05 08:06:32.656: D/BluetoothGatt(7357): onGetCharacteristic() - Device=BC:6A:29:AB:EC:8F UUID=f000aa32-0451-4000-b000-000000000000
08-05 08:06:32.656: D/BluetoothGatt(7357): onGetCharacteristic() - Device=BC:6A:29:AB:EC:8F UUID=f000aa33-0451-4000-b000-000000000000
08-05 08:06:32.666: D/BluetoothGatt(7357): onGetCharacteristic() - Device=BC:6A:29:AB:EC:8F UUID=f000aa41-0451-4000-b000-000000000000
08-05 08:06:32.666: D/BluetoothGatt(7357): onGetCharacteristic() - Device=BC:6A:29:AB:EC:8F UUID=f000aa42-0451-4000-b000-000000000000
08-05 08:06:32.666: D/BluetoothGatt(7357): onGetCharacteristic() - Device=BC:6A:29:AB:EC:8F UUID=f000aa43-0451-4000-b000-000000000000
08-05 08:06:32.666: D/BluetoothGatt(7357): onGetCharacteristic() - Device=BC:6A:29:AB:EC:8F UUID=f000aa51-0451-4000-b000-000000000000
08-05 08:06:32.676: D/BluetoothGatt(7357): onGetCharacteristic() - Device=BC:6A:29:AB:EC:8F UUID=f000aa52-0451-4000-b000-000000000000
08-05 08:06:32.676: D/BluetoothGatt(7357): onGetCharacteristic() - Device=BC:6A:29:AB:EC:8F UUID=0000ffe1-0000-1000-8000-00805f9b34fb
08-05 08:06:32.676: D/BluetoothGatt(7357): onGetCharacteristic() - Device=BC:6A:29:AB:EC:8F UUID=f000aa61-0451-4000-b000-000000000000
08-05 08:06:32.676: D/BluetoothGatt(7357): onGetCharacteristic() - Device=BC:6A:29:AB:EC:8F UUID=f000aa62-0451-4000-b000-000000000000
08-05 08:06:32.686: D/BluetoothGatt(7357): onGetCharacteristic() - Device=BC:6A:29:AB:EC:8F UUID=f000ffc1-0451-4000-b000-000000000000
08-05 08:06:32.686: D/BluetoothGatt(7357): onGetCharacteristic() - Device=BC:6A:29:AB:EC:8F UUID=f000ffc2-0451-4000-b000-000000000000
08-05 08:06:32.686: D/BluetoothGatt(7357): onGetDescriptor() - Device=BC:6A:29:AB:EC:8F UUID=00002902-0000-1000-8000-00805f9b34fb
08-05 08:06:32.696: D/BluetoothGatt(7357): onGetDescriptor() - Device=BC:6A:29:AB:EC:8F UUID=00002902-0000-1000-8000-00805f9b34fb
08-05 08:06:32.696: D/BluetoothGatt(7357): onGetDescriptor() - Device=BC:6A:29:AB:EC:8F UUID=00002901-0000-1000-8000-00805f9b34fb
08-05 08:06:32.696: D/BluetoothGatt(7357): onGetDescriptor() - Device=BC:6A:29:AB:EC:8F UUID=00002901-0000-1000-8000-00805f9b34fb
08-05 08:06:32.706: D/BluetoothGatt(7357): onGetDescriptor() - Device=BC:6A:29:AB:EC:8F UUID=00002902-0000-1000-8000-00805f9b34fb
08-05 08:06:32.706: D/BluetoothGatt(7357): onGetDescriptor() - Device=BC:6A:29:AB:EC:8F UUID=00002901-0000-1000-8000-00805f9b34fb
08-05 08:06:32.706: D/BluetoothGatt(7357): onGetDescriptor() - Device=BC:6A:29:AB:EC:8F UUID=00002901-0000-1000-8000-00805f9b34fb
08-05 08:06:32.716: D/BluetoothGatt(7357): onGetDescriptor() - Device=BC:6A:29:AB:EC:8F UUID=00002901-0000-1000-8000-00805f9b34fb
08-05 08:06:32.716: D/BluetoothGatt(7357): onGetDescriptor() - Device=BC:6A:29:AB:EC:8F UUID=00002902-0000-1000-8000-00805f9b34fb
08-05 08:06:32.726: D/BluetoothGatt(7357): onGetDescriptor() - Device=BC:6A:29:AB:EC:8F UUID=00002901-0000-1000-8000-00805f9b34fb
08-05 08:06:32.726: D/BluetoothGatt(7357): onGetDescriptor() - Device=BC:6A:29:AB:EC:8F UUID=00002901-0000-1000-8000-00805f9b34fb
08-05 08:06:32.726: D/BluetoothGatt(7357): onGetDescriptor() - Device=BC:6A:29:AB:EC:8F UUID=00002902-0000-1000-8000-00805f9b34fb
08-05 08:06:32.736: D/BluetoothGatt(7357): onGetDescriptor() - Device=BC:6A:29:AB:EC:8F UUID=00002901-0000-1000-8000-00805f9b34fb
08-05 08:06:32.736: D/BluetoothGatt(7357): onGetDescriptor() - Device=BC:6A:29:AB:EC:8F UUID=00002901-0000-1000-8000-00805f9b34fb
08-05 08:06:32.736: D/BluetoothGatt(7357): onGetDescriptor() - Device=BC:6A:29:AB:EC:8F UUID=00002901-0000-1000-8000-00805f9b34fb
08-05 08:06:32.746: D/BluetoothGatt(7357): onGetDescriptor() - Device=BC:6A:29:AB:EC:8F UUID=00002902-0000-1000-8000-00805f9b34fb
08-05 08:06:32.746: D/BluetoothGatt(7357): onGetDescriptor() - Device=BC:6A:29:AB:EC:8F UUID=00002901-0000-1000-8000-00805f9b34fb
08-05 08:06:32.756: D/BluetoothGatt(7357): onGetDescriptor() - Device=BC:6A:29:AB:EC:8F UUID=00002901-0000-1000-8000-00805f9b34fb
08-05 08:06:32.756: D/BluetoothGatt(7357): onGetDescriptor() - Device=BC:6A:29:AB:EC:8F UUID=00002902-0000-1000-8000-00805f9b34fb
08-05 08:06:32.756: D/BluetoothGatt(7357): onGetDescriptor() - Device=BC:6A:29:AB:EC:8F UUID=00002901-0000-1000-8000-00805f9b34fb
08-05 08:06:32.766: D/BluetoothGatt(7357): onGetDescriptor() - Device=BC:6A:29:AB:EC:8F UUID=00002902-0000-1000-8000-00805f9b34fb
08-05 08:06:32.766: D/BluetoothGatt(7357): onGetDescriptor() - Device=BC:6A:29:AB:EC:8F UUID=00002901-0000-1000-8000-00805f9b34fb
08-05 08:06:32.776: D/BluetoothGatt(7357): onGetDescriptor() - Device=BC:6A:29:AB:EC:8F UUID=00002901-0000-1000-8000-00805f9b34fb
08-05 08:06:32.776: D/BluetoothGatt(7357): onGetDescriptor() - Device=BC:6A:29:AB:EC:8F UUID=00002902-0000-1000-8000-00805f9b34fb
08-05 08:06:32.776: D/BluetoothGatt(7357): onGetDescriptor() - Device=BC:6A:29:AB:EC:8F UUID=00002901-0000-1000-8000-00805f9b34fb
08-05 08:06:32.786: D/BluetoothGatt(7357): onGetDescriptor() - Device=BC:6A:29:AB:EC:8F UUID=00002901-0000-1000-8000-00805f9b34fb
08-05 08:06:32.786: D/BluetoothGatt(7357): onGetDescriptor() - Device=BC:6A:29:AB:EC:8F UUID=00002901-0000-1000-8000-00805f9b34fb
08-05 08:06:32.786: D/BluetoothGatt(7357): onGetDescriptor() - Device=BC:6A:29:AB:EC:8F UUID=00002902-0000-1000-8000-00805f9b34fb
08-05 08:06:32.796: D/BluetoothGatt(7357): onGetDescriptor() - Device=BC:6A:29:AB:EC:8F UUID=00002901-0000-1000-8000-00805f9b34fb
08-05 08:06:32.796: D/BluetoothGatt(7357): onGetDescriptor() - Device=BC:6A:29:AB:EC:8F UUID=00002902-0000-1000-8000-00805f9b34fb
08-05 08:06:32.796: D/BluetoothGatt(7357): onGetDescriptor() - Device=BC:6A:29:AB:EC:8F UUID=00002901-0000-1000-8000-00805f9b34fb
08-05 08:06:32.806: D/BluetoothGatt(7357): onSearchComplete() = Device=BC:6A:29:AB:EC:8F Status=0
08-05 08:06:32.806: I/SampleGattAttributes(7357): lookup [00001800-0000-1000-8000-00805f9b34fb : Unknown service]
08-05 08:06:32.816: I/SampleGattAttributes(7357): lookup [00002a00-0000-1000-8000-00805f9b34fb : Unknown characteristic]
08-05 08:06:32.816: I/SampleGattAttributes(7357): lookup [00002a01-0000-1000-8000-00805f9b34fb : Unknown characteristic]
08-05 08:06:32.816: I/SampleGattAttributes(7357): lookup [00002a02-0000-1000-8000-00805f9b34fb : Unknown characteristic]
08-05 08:06:32.816: I/SampleGattAttributes(7357): lookup [00002a03-0000-1000-8000-00805f9b34fb : Unknown characteristic]
08-05 08:06:32.826: I/SampleGattAttributes(7357): lookup [00002a04-0000-1000-8000-00805f9b34fb : Unknown characteristic]
08-05 08:06:32.826: I/SampleGattAttributes(7357): lookup [00001801-0000-1000-8000-00805f9b34fb : Unknown service]
08-05 08:06:32.826: I/SampleGattAttributes(7357): lookup [00002a05-0000-1000-8000-00805f9b34fb : Unknown characteristic]
08-05 08:06:32.826: I/SampleGattAttributes(7357): lookup [0000180a-0000-1000-8000-00805f9b34fb : Unknown service]
08-05 08:06:32.836: I/SampleGattAttributes(7357): lookup [00002a23-0000-1000-8000-00805f9b34fb : Unknown characteristic]
08-05 08:06:32.836: I/SampleGattAttributes(7357): lookup [00002a24-0000-1000-8000-00805f9b34fb : Unknown characteristic]
08-05 08:06:32.836: I/SampleGattAttributes(7357): lookup [00002a25-0000-1000-8000-00805f9b34fb : Unknown characteristic]
08-05 08:06:32.836: I/SampleGattAttributes(7357): lookup [00002a26-0000-1000-8000-00805f9b34fb : Unknown characteristic]
08-05 08:06:32.846: I/SampleGattAttributes(7357): lookup [00002a27-0000-1000-8000-00805f9b34fb : Unknown characteristic]
08-05 08:06:32.846: I/SampleGattAttributes(7357): lookup [00002a28-0000-1000-8000-00805f9b34fb : Unknown characteristic]
08-05 08:06:32.846: I/SampleGattAttributes(7357): lookup [00002a29-0000-1000-8000-00805f9b34fb : Unknown characteristic]
08-05 08:06:32.846: I/SampleGattAttributes(7357): lookup [00002a2a-0000-1000-8000-00805f9b34fb : Unknown characteristic]
08-05 08:06:32.846: I/SampleGattAttributes(7357): lookup [00002a50-0000-1000-8000-00805f9b34fb : Unknown characteristic]
08-05 08:06:32.856: I/SampleGattAttributes(7357): lookup [f000aa00-0451-4000-b000-000000000000 : Unknown service]
08-05 08:06:32.856: I/SampleGattAttributes(7357): lookup [f000aa01-0451-4000-b000-000000000000 : Unknown characteristic]
08-05 08:06:32.856: I/SampleGattAttributes(7357): lookup [f000aa02-0451-4000-b000-000000000000 : Unknown characteristic]
08-05 08:06:32.856: I/SampleGattAttributes(7357): lookup [f000aa10-0451-4000-b000-000000000000 : Unknown service]
08-05 08:06:32.866: I/SampleGattAttributes(7357): lookup [f000aa11-0451-4000-b000-000000000000 : Unknown characteristic]
08-05 08:06:32.866: I/SampleGattAttributes(7357): lookup [f000aa12-0451-4000-b000-000000000000 : Unknown characteristic]
08-05 08:06:32.866: I/SampleGattAttributes(7357): lookup [f000aa13-0451-4000-b000-000000000000 : Unknown characteristic]
08-05 08:06:32.866: I/SampleGattAttributes(7357): lookup [f000aa20-0451-4000-b000-000000000000 : Unknown service]
08-05 08:06:32.876: I/SampleGattAttributes(7357): lookup [f000aa21-0451-4000-b000-000000000000 : Unknown characteristic]
08-05 08:06:32.876: I/SampleGattAttributes(7357): lookup [f000aa22-0451-4000-b000-000000000000 : Unknown characteristic]
08-05 08:06:32.876: I/SampleGattAttributes(7357): lookup [f000aa30-0451-4000-b000-000000000000 : Unknown service]
08-05 08:06:32.876: I/SampleGattAttributes(7357): lookup [f000aa31-0451-4000-b000-000000000000 : Unknown characteristic]
08-05 08:06:32.876: I/SampleGattAttributes(7357): lookup [f000aa32-0451-4000-b000-000000000000 : Unknown characteristic]
08-05 08:06:32.886: I/SampleGattAttributes(7357): lookup [f000aa33-0451-4000-b000-000000000000 : Unknown characteristic]
08-05 08:06:32.886: I/SampleGattAttributes(7357): lookup [f000aa40-0451-4000-b000-000000000000 : Unknown service]
08-05 08:06:32.886: I/SampleGattAttributes(7357): lookup [f000aa41-0451-4000-b000-000000000000 : Unknown characteristic]
08-05 08:06:32.886: I/SampleGattAttributes(7357): lookup [f000aa42-0451-4000-b000-000000000000 : Unknown characteristic]
08-05 08:06:32.896: I/SampleGattAttributes(7357): lookup [f000aa43-0451-4000-b000-000000000000 : Unknown characteristic]
08-05 08:06:32.896: I/SampleGattAttributes(7357): lookup [f000aa50-0451-4000-b000-000000000000 : Unknown service]
08-05 08:06:32.896: I/SampleGattAttributes(7357): lookup [f000aa51-0451-4000-b000-000000000000 : Unknown characteristic]
08-05 08:06:32.896: I/SampleGattAttributes(7357): lookup [f000aa52-0451-4000-b000-000000000000 : Unknown characteristic]
08-05 08:06:32.896: I/SampleGattAttributes(7357): lookup [0000ffe0-0000-1000-8000-00805f9b34fb : Unknown service]
08-05 08:06:32.896: I/SampleGattAttributes(7357): lookup [0000ffe1-0000-1000-8000-00805f9b34fb : Unknown characteristic]
08-05 08:06:32.896: I/SampleGattAttributes(7357): lookup [f000aa60-0451-4000-b000-000000000000 : Unknown service]
08-05 08:06:32.896: I/SampleGattAttributes(7357): lookup [f000aa61-0451-4000-b000-000000000000 : Unknown characteristic]
08-05 08:06:32.896: I/SampleGattAttributes(7357): lookup [f000aa62-0451-4000-b000-000000000000 : Unknown characteristic]
08-05 08:06:32.896: I/SampleGattAttributes(7357): lookup [f000ffc0-0451-4000-b000-000000000000 : Unknown service]
08-05 08:06:32.896: I/SampleGattAttributes(7357): lookup [f000ffc1-0451-4000-b000-000000000000 : Unknown characteristic]
08-05 08:06:32.896: I/SampleGattAttributes(7357): lookup [f000ffc2-0451-4000-b000-000000000000 : Unknown characteristic]

